<testsuites errors="0" failures="0" tests="13">
  <testsuite errors="0" failures="0" name="minSNP RUnit Tests" tests="13">
    <testcase name="test.deactivation">
      <skipped/>
    </testcase>
    <testcase name="test.flag" time="0.45"/>
    <testcase name="test.processAllele" time="0.39"/>
    <testcase name="test.setUp" time="0.36"/>
    <testcase name="test.usualLength" time="0.36"/>
    <testcase name="test.deactivation">
      <skipped/>
    </testcase>
    <testcase name="test.present.percent" time="5.75"/>
    <testcase name="test.setUp" time="0.13"/>
    <testcase name="test.similar.percent" time="5.71"/>
    <testcase name="test.branch.simpson" time="233"/>
    <testcase name="test.deactivation">
      <skipped/>
    </testcase>
    <testcase name="test.present.simpson" time="122.14"/>
    <testcase name="test.setUp" time="0.11"/>
    <testcase name="test.similar.simpson" time="130.31"/>
    <testcase name="test.simpson.calculate" time="0"/>
    <testcase name="test.simpson.pattern" time="0.13"/>
  </testsuite>
</testsuites>
