<testsuites errors="0" failures="0" tests="13">
  <testsuite errors="0" failures="0" name="minSNP RUnit Tests" tests="13">
    <testcase name="test.deactivation">
      <skipped/>
    </testcase>
    <testcase name="test.flag" time="0.38"/>
    <testcase name="test.processAllele" time="0.35"/>
    <testcase name="test.setUp" time="0.36"/>
    <testcase name="test.usualLength" time="0.36"/>
    <testcase name="test.deactivation">
      <skipped/>
    </testcase>
    <testcase name="test.present.percent" time="3.42"/>
    <testcase name="test.setUp" time="0.14"/>
    <testcase name="test.similar.percent" time="3.23"/>
    <testcase name="test.branch.simpson" time="174.12"/>
    <testcase name="test.deactivation">
      <skipped/>
    </testcase>
    <testcase name="test.present.simpson" time="103.47"/>
    <testcase name="test.setUp" time="0.14"/>
    <testcase name="test.similar.simpson" time="104.33"/>
    <testcase name="test.simpson.calculate" time="0"/>
    <testcase name="test.simpson.pattern" time="0.12"/>
  </testsuite>
</testsuites>
